{"/Users/federicoghedina/node/countdown/dist/index.js": {"path":"/Users/federicoghedina/node/countdown/dist/index.js","statementMap":{"0":{"start":{"line":7,"column":13},"end":{"line":7,"column":41}},"1":{"start":{"line":7,"column":52},"end":{"line":7,"column":1110}},"2":{"start":{"line":7,"column":83},"end":{"line":7,"column":156}},"3":{"start":{"line":7,"column":157},"end":{"line":7,"column":1107}},"4":{"start":{"line":7,"column":193},"end":{"line":7,"column":226}},"5":{"start":{"line":7,"column":256},"end":{"line":7,"column":288}},"6":{"start":{"line":7,"column":320},"end":{"line":7,"column":354}},"7":{"start":{"line":7,"column":386},"end":{"line":7,"column":420}},"8":{"start":{"line":7,"column":451},"end":{"line":7,"column":484}},"9":{"start":{"line":7,"column":513},"end":{"line":7,"column":544}},"10":{"start":{"line":7,"column":580},"end":{"line":7,"column":618}},"11":{"start":{"line":7,"column":650},"end":{"line":7,"column":684}},"12":{"start":{"line":7,"column":716},"end":{"line":7,"column":750}},"13":{"start":{"line":7,"column":784},"end":{"line":7,"column":820}},"14":{"start":{"line":7,"column":855},"end":{"line":7,"column":892}},"15":{"start":{"line":7,"column":925},"end":{"line":7,"column":960}},"16":{"start":{"line":7,"column":1001},"end":{"line":7,"column":1026}},"17":{"start":{"line":7,"column":1029},"end":{"line":7,"column":1043}},"18":{"start":{"line":7,"column":1044},"end":{"line":7,"column":1065}},"19":{"start":{"line":7,"column":1085},"end":{"line":7,"column":1106}},"20":{"start":{"line":7,"column":1111},"end":{"line":7,"column":1164}}},"fnMap":{"0":{"name":"(anonymous_0)","decl":{"start":{"line":7,"column":52},"end":{"line":7,"column":53}},"loc":{"start":{"line":7,"column":62},"end":{"line":7,"column":1108}},"line":7},"1":{"name":"t","decl":{"start":{"line":7,"column":72},"end":{"line":7,"column":73}},"loc":{"start":{"line":7,"column":82},"end":{"line":7,"column":157}},"line":7},"2":{"name":"(anonymous_2)","decl":{"start":{"line":7,"column":88},"end":{"line":7,"column":89}},"loc":{"start":{"line":7,"column":98},"end":{"line":7,"column":100}},"line":7},"3":{"name":"(anonymous_3)","decl":{"start":{"line":7,"column":179},"end":{"line":7,"column":180}},"loc":{"start":{"line":7,"column":192},"end":{"line":7,"column":227}},"line":7},"4":{"name":"(anonymous_4)","decl":{"start":{"line":7,"column":244},"end":{"line":7,"column":245}},"loc":{"start":{"line":7,"column":255},"end":{"line":7,"column":289}},"line":7},"5":{"name":"(anonymous_5)","decl":{"start":{"line":7,"column":308},"end":{"line":7,"column":309}},"loc":{"start":{"line":7,"column":319},"end":{"line":7,"column":355}},"line":7},"6":{"name":"(anonymous_6)","decl":{"start":{"line":7,"column":375},"end":{"line":7,"column":376}},"loc":{"start":{"line":7,"column":385},"end":{"line":7,"column":421}},"line":7},"7":{"name":"(anonymous_7)","decl":{"start":{"line":7,"column":439},"end":{"line":7,"column":440}},"loc":{"start":{"line":7,"column":450},"end":{"line":7,"column":485}},"line":7},"8":{"name":"(anonymous_8)","decl":{"start":{"line":7,"column":502},"end":{"line":7,"column":503}},"loc":{"start":{"line":7,"column":512},"end":{"line":7,"column":545}},"line":7},"9":{"name":"(anonymous_9)","decl":{"start":{"line":7,"column":566},"end":{"line":7,"column":567}},"loc":{"start":{"line":7,"column":579},"end":{"line":7,"column":619}},"line":7},"10":{"name":"(anonymous_10)","decl":{"start":{"line":7,"column":638},"end":{"line":7,"column":639}},"loc":{"start":{"line":7,"column":649},"end":{"line":7,"column":685}},"line":7},"11":{"name":"(anonymous_11)","decl":{"start":{"line":7,"column":704},"end":{"line":7,"column":705}},"loc":{"start":{"line":7,"column":715},"end":{"line":7,"column":751}},"line":7},"12":{"name":"(anonymous_12)","decl":{"start":{"line":7,"column":772},"end":{"line":7,"column":773}},"loc":{"start":{"line":7,"column":783},"end":{"line":7,"column":821}},"line":7},"13":{"name":"(anonymous_13)","decl":{"start":{"line":7,"column":843},"end":{"line":7,"column":844}},"loc":{"start":{"line":7,"column":854},"end":{"line":7,"column":893}},"line":7},"14":{"name":"(anonymous_14)","decl":{"start":{"line":7,"column":913},"end":{"line":7,"column":914}},"loc":{"start":{"line":7,"column":924},"end":{"line":7,"column":961}},"line":7},"15":{"name":"(anonymous_15)","decl":{"start":{"line":7,"column":984},"end":{"line":7,"column":985}},"loc":{"start":{"line":7,"column":994},"end":{"line":7,"column":1066}},"line":7},"16":{"name":"(anonymous_16)","decl":{"start":{"line":7,"column":1067},"end":{"line":7,"column":1068}},"loc":{"start":{"line":7,"column":1084},"end":{"line":7,"column":1107}},"line":7}},"branchMap":{"0":{"loc":{"start":{"line":7,"column":85},"end":{"line":7,"column":100}},"type":"binary-expr","locations":[{"start":{"line":7,"column":85},"end":{"line":7,"column":86}},{"start":{"line":7,"column":88},"end":{"line":7,"column":100}}],"line":7},"1":{"loc":{"start":{"line":7,"column":103},"end":{"line":7,"column":109}},"type":"binary-expr","locations":[{"start":{"line":7,"column":103},"end":{"line":7,"column":104}},{"start":{"line":7,"column":106},"end":{"line":7,"column":109}}],"line":7},"2":{"loc":{"start":{"line":7,"column":1111},"end":{"line":7,"column":1163}},"type":"binary-expr","locations":[{"start":{"line":7,"column":1111},"end":{"line":7,"column":1135}},{"start":{"line":7,"column":1138},"end":{"line":7,"column":1162}}],"line":7}},"s":{"0":1,"1":1,"2":6,"3":1,"4":1,"5":6,"6":2,"7":2,"8":4,"9":1,"10":1,"11":3,"12":1,"13":1,"14":1,"15":1,"16":1,"17":1,"18":1,"19":6,"20":1},"f":{"0":1,"1":6,"2":22,"3":1,"4":6,"5":2,"6":2,"7":4,"8":1,"9":1,"10":3,"11":1,"12":1,"13":1,"14":1,"15":1,"16":6},"b":{"0":[6,2],"1":[6,2],"2":[1,1]},"_coverageSchema":"1a1c01bbd47fc00a2c39e90264f33305004495a9","hash":"f52466779ffef585bce3dc3ea3e5140ae6ef912b"}
}
